<?xml version="1.0" encoding="UTF-8"?>
<!-- Generated by org.testng.reporters.JUnitXMLReporter -->
<testsuite hostname="Lenovo" ignored="1" name="Default test" tests="9" failures="0" timestamp="07 Jan 2022 05:27:29 GMT" time="0.178" errors="0">
  <testcase name="tc4" time="0.036" classname="org.test.Demo"/>
  <testcase name="tc1" time="0.004" classname="org.test.Demo"/>
  <testcase name="tc3" time="0.003" classname="org.test.Demo"/>
  <testcase name="tc5" time="0.005" classname="org.test.Demo"/>
  <testcase name="tc5" time="0.002" classname="org.test.Demo"/>
  <testcase name="tc5" time="0.002" classname="org.test.Demo"/>
  <testcase name="tc5" time="0.002" classname="org.test.Demo"/>
  <testcase name="tc5" time="0.002" classname="org.test.Demo"/>
  <testcase name="tc2" time="0.002" classname="org.test.Demo"/>
  <testcase name="tc6" time="0.0" classname="org.test.Demo">
    <ignored/>
  </testcase> <!-- tc6 -->
</testsuite> <!-- Default test -->
