<?xml version="1.0" encoding="UTF-8"?>
<!-- Generated by org.testng.reporters.JUnitXMLReporter -->
<testsuite hostname="Lenovo" ignored="1" name="Default test" tests="2" failures="0" timestamp="04 Feb 2022 14:10:01 GMT" time="0.152" errors="0">
  <testcase name="tc3" time="0.033" classname="org.asser.Employee"/>
  <testcase name="tc1" time="0.007" classname="org.asser.Employee"/>
  <testcase name="tc2" time="0.0" classname="org.asser.Employee">
    <ignored/>
  </testcase> <!-- tc2 -->
</testsuite> <!-- Default test -->
