<?xml version="1.0" encoding="UTF-8"?>
<!-- Generated by org.testng.reporters.JUnitXMLReporter -->
<testsuite hostname="Lenovo" ignored="0" name="Test" tests="6" failures="0" timestamp="07 Jan 2022 05:49:51 GMT" time="0.254" errors="0">
  <testcase name="tc22" time="0.05" classname="org.test.C"/>
  <testcase name="tc33" time="0.0" classname="org.test.D"/>
  <testcase name="tc1" time="0.031" classname="org.test.A"/>
  <testcase name="tc2" time="0.0" classname="org.test.A"/>
  <testcase name="tc3" time="0.0" classname="org.test.A"/>
  <testcase name="tc11" time="0.0" classname="org.test.B"/>
</testsuite> <!-- Test -->
