<?xml version="1.0" encoding="UTF-8"?>
<testng-results skipped="0" failed="0" ignored="0" total="6" passed="6">
  <reporter-output>
  </reporter-output>
  <suite name="Suite" duration-ms="254" started-at="2022-01-07T05:49:51Z" finished-at="2022-01-07T05:49:51Z">
    <groups>
    </groups>
    <test name="Test" duration-ms="254" started-at="2022-01-07T05:49:51Z" finished-at="2022-01-07T05:49:51Z">
      <class name="org.test.B">
        <test-method status="PASS" signature="tc11()[pri:0, instance:org.test.B@39aeed2f]" name="tc11" duration-ms="0" started-at="2022-01-07T05:49:51Z" finished-at="2022-01-07T05:49:51Z">
          <reporter-output>
          </reporter-output>
        </test-method> <!-- tc11 -->
      </class> <!-- org.test.B -->
      <class name="org.test.C">
        <test-method status="PASS" signature="tc22()[pri:0, instance:org.test.C@4cc0edeb]" name="tc22" duration-ms="50" started-at="2022-01-07T05:49:51Z" finished-at="2022-01-07T05:49:51Z">
          <reporter-output>
          </reporter-output>
        </test-method> <!-- tc22 -->
      </class> <!-- org.test.C -->
      <class name="org.test.D">
        <test-method status="PASS" signature="tc33()[pri:0, instance:org.test.D@457e2f02]" name="tc33" duration-ms="0" started-at="2022-01-07T05:49:51Z" finished-at="2022-01-07T05:49:51Z">
          <reporter-output>
          </reporter-output>
        </test-method> <!-- tc33 -->
      </class> <!-- org.test.D -->
      <class name="org.test.A">
        <test-method status="PASS" signature="tc1()[pri:0, instance:org.test.A@5c7fa833]" name="tc1" duration-ms="31" started-at="2022-01-07T05:49:51Z" finished-at="2022-01-07T05:49:51Z">
          <reporter-output>
          </reporter-output>
        </test-method> <!-- tc1 -->
        <test-method status="PASS" signature="tc2()[pri:0, instance:org.test.A@5c7fa833]" name="tc2" duration-ms="0" started-at="2022-01-07T05:49:51Z" finished-at="2022-01-07T05:49:51Z">
          <reporter-output>
          </reporter-output>
        </test-method> <!-- tc2 -->
        <test-method status="PASS" signature="tc3()[pri:0, instance:org.test.A@5c7fa833]" name="tc3" duration-ms="0" started-at="2022-01-07T05:49:51Z" finished-at="2022-01-07T05:49:51Z">
          <reporter-output>
          </reporter-output>
        </test-method> <!-- tc3 -->
      </class> <!-- org.test.A -->
    </test> <!-- Test -->
  </suite> <!-- Suite -->
</testng-results>
